20231004 142029 ./01-oh-my-zsh.sh: Lendo listas de pacotes...
20231004 142029 ./01-oh-my-zsh.sh: Construindo árvore de dependências...
20231004 142029 ./01-oh-my-zsh.sh: Lendo informação de estado...
20231004 142029 ./01-oh-my-zsh.sh: zsh já é a versão mais recente (5.8.1-1).
20231004 142029 ./01-oh-my-zsh.sh: curl já é a versão mais recente (7.81.0-1ubuntu1.13).
20231004 142029 ./01-oh-my-zsh.sh: git já é a versão mais recente (1:2.34.1-1ubuntu1.10).
20231004 142029 ./01-oh-my-zsh.sh: Os seguintes pacotes foram instalados automaticamente e já não são necessários:
20231004 142029 ./01-oh-my-zsh.sh: linux-headers-6.2.0-26-generic linux-hwe-6.2-headers-6.2.0-26
20231004 142029 ./01-oh-my-zsh.sh: linux-image-6.2.0-26-generic linux-modules-6.2.0-26-generic
20231004 142029 ./01-oh-my-zsh.sh: linux-modules-extra-6.2.0-26-generic
20231004 142029 ./01-oh-my-zsh.sh: Utilize 'sudo apt autoremove' para os remover.
20231004 142029 ./01-oh-my-zsh.sh: 0 pacotes atualizados, 0 pacotes novos instalados, 0 a serem removidos e 0 não atualizados.
20231004 142029 ./01-oh-my-zsh.sh: The $ZSH folder already exists (/home/estagio/.oh-my-zsh).
20231004 142029 ./01-oh-my-zsh.sh: 
20231004 142029 ./01-oh-my-zsh.sh: You ran the installer with the $ZSH setting or the $ZSH variable is
20231004 142029 ./01-oh-my-zsh.sh: exported. You have 3 options:
20231004 142029 ./01-oh-my-zsh.sh: 
20231004 142029 ./01-oh-my-zsh.sh: 1. Unset the ZSH variable when calling the installer:
20231004 142029 ./01-oh-my-zsh.sh: `ZSH= sh install.sh`
20231004 142029 ./01-oh-my-zsh.sh: 2. Install Oh My Zsh to a directory that doesn't exist yet:
20231004 142029 ./01-oh-my-zsh.sh: `ZSH=path/to/new/ohmyzsh/folder sh install.sh`
20231004 142029 ./01-oh-my-zsh.sh: 3. (Caution) If the folder doesn't contain important information,
20231004 142029 ./01-oh-my-zsh.sh: you can just remove it with `rm -r /home/estagio/.oh-my-zsh`
20231004 142029 ./01-oh-my-zsh.sh: 
